mode: set
avito-tech/cmd/api/main.go:12.13,14.16 2 0
avito-tech/cmd/api/main.go:14.16,16.3 1 0
avito-tech/cmd/api/main.go:18.2,21.16 3 0
avito-tech/cmd/api/main.go:21.16,23.3 1 0
avito-tech/cmd/api/main.go:25.2,28.31 3 0
avito-tech/cmd/api/main.go:28.31,30.3 1 0
avito-tech/config/config.go:21.36,35.26 3 0
avito-tech/config/config.go:35.26,37.3 1 0
avito-tech/config/config.go:39.2,39.17 1 0
avito-tech/config/config.go:42.34,45.2 1 0
avito-tech/config/config.go:47.46,48.48 1 0
avito-tech/config/config.go:48.48,50.3 1 0
avito-tech/config/config.go:51.2,51.21 1 0
avito-tech/internal/flat/handlers.go:23.76,25.63 2 0
avito-tech/internal/flat/handlers.go:25.63,30.3 4 0
avito-tech/internal/flat/handlers.go:32.2,33.9 2 0
avito-tech/internal/flat/handlers.go:33.9,38.3 4 0
avito-tech/internal/flat/handlers.go:39.2,39.29 1 0
avito-tech/internal/flat/handlers.go:39.29,42.3 2 0
avito-tech/internal/flat/handlers.go:44.2,45.16 2 0
avito-tech/internal/flat/handlers.go:45.16,50.3 4 0
avito-tech/internal/flat/handlers.go:52.2,54.33 3 0
avito-tech/internal/flat/handlers.go:59.76,62.16 3 0
avito-tech/internal/flat/handlers.go:62.16,64.3 1 0
avito-tech/internal/flat/handlers.go:66.2,67.9 2 0
avito-tech/internal/flat/handlers.go:67.9,72.3 4 0
avito-tech/internal/flat/handlers.go:74.2,74.29 1 0
avito-tech/internal/flat/handlers.go:74.29,76.17 2 0
avito-tech/internal/flat/handlers.go:76.17,79.4 2 0
avito-tech/internal/flat/handlers.go:80.3,82.35 3 0
avito-tech/internal/flat/handlers.go:83.8,85.17 2 0
avito-tech/internal/flat/handlers.go:85.17,88.4 2 0
avito-tech/internal/flat/handlers.go:89.3,91.35 3 0
avito-tech/internal/flat/handlers.go:96.70,98.63 2 0
avito-tech/internal/flat/handlers.go:98.63,103.3 4 0
avito-tech/internal/flat/handlers.go:105.2,106.16 2 0
avito-tech/internal/flat/handlers.go:106.16,111.3 4 0
avito-tech/internal/flat/handlers.go:113.2,115.33 3 0
avito-tech/internal/flat/handlers.go:118.44,122.2 1 0
avito-tech/internal/flat/repository.go:25.109,31.19 2 0
avito-tech/internal/flat/repository.go:32.23,33.66 1 0
avito-tech/internal/flat/repository.go:34.30,35.50 1 0
avito-tech/internal/flat/repository.go:38.2,39.16 2 0
avito-tech/internal/flat/repository.go:39.16,41.3 1 0
avito-tech/internal/flat/repository.go:43.2,47.16 3 0
avito-tech/internal/flat/repository.go:47.16,48.36 1 0
avito-tech/internal/flat/repository.go:48.36,50.4 1 0
avito-tech/internal/flat/repository.go:51.3,51.18 1 0
avito-tech/internal/flat/repository.go:54.2,54.16 1 0
avito-tech/internal/flat/repository.go:59.100,66.16 2 0
avito-tech/internal/flat/repository.go:66.16,68.3 1 0
avito-tech/internal/flat/repository.go:70.2,71.16 2 0
avito-tech/internal/flat/repository.go:71.16,73.3 1 0
avito-tech/internal/flat/repository.go:74.2,78.18 3 0
avito-tech/internal/flat/repository.go:78.18,81.17 3 0
avito-tech/internal/flat/repository.go:81.17,83.4 1 0
avito-tech/internal/flat/repository.go:85.3,85.27 1 0
avito-tech/internal/flat/repository.go:88.2,88.19 1 0
avito-tech/internal/flat/repository.go:92.105,98.16 2 0
avito-tech/internal/flat/repository.go:98.16,100.3 1 0
avito-tech/internal/flat/repository.go:103.2,104.16 2 0
avito-tech/internal/flat/repository.go:104.16,106.3 1 0
avito-tech/internal/flat/repository.go:107.2,111.18 3 0
avito-tech/internal/flat/repository.go:111.18,114.17 3 0
avito-tech/internal/flat/repository.go:114.17,116.4 1 0
avito-tech/internal/flat/repository.go:118.3,118.27 1 0
avito-tech/internal/flat/repository.go:121.2,121.34 1 0
avito-tech/internal/flat/repository.go:121.34,123.3 1 0
avito-tech/internal/flat/repository.go:125.2,125.19 1 0
avito-tech/internal/flat/repository.go:129.95,136.16 2 0
avito-tech/internal/flat/repository.go:136.16,138.3 1 0
avito-tech/internal/flat/repository.go:140.2,145.16 4 0
avito-tech/internal/flat/repository.go:145.16,147.3 1 0
avito-tech/internal/flat/repository.go:149.2,152.18 3 0
avito-tech/internal/flat/repository.go:155.47,160.2 1 0
avito-tech/internal/flat/routes.go:9.82,14.2 4 0
avito-tech/internal/flat/service.go:21.110,23.2 1 0
avito-tech/internal/flat/service.go:26.97,28.2 1 1
avito-tech/internal/flat/service.go:31.102,33.2 1 0
avito-tech/internal/flat/service.go:36.107,46.2 2 1
avito-tech/internal/flat/service.go:48.46,52.2 1 1
avito-tech/internal/middleware/middleware.go:20.68,21.72 1 0
avito-tech/internal/middleware/middleware.go:21.72,23.23 2 0
avito-tech/internal/middleware/middleware.go:23.23,26.4 2 0
avito-tech/internal/middleware/middleware.go:28.3,29.46 2 0
avito-tech/internal/middleware/middleware.go:29.46,32.4 2 0
avito-tech/internal/middleware/middleware.go:34.3,37.102 3 0
avito-tech/internal/middleware/middleware.go:37.102,38.59 1 0
avito-tech/internal/middleware/middleware.go:38.59,40.5 1 0
avito-tech/internal/middleware/middleware.go:43.4,43.22 1 0
avito-tech/internal/middleware/middleware.go:46.3,46.33 1 0
avito-tech/internal/middleware/middleware.go:46.33,49.4 2 0
avito-tech/internal/middleware/middleware.go:51.3,56.40 4 0
avito-tech/internal/platform/db/postgres_db.go:12.60,14.16 2 0
avito-tech/internal/platform/db/postgres_db.go:14.16,16.3 1 0
avito-tech/internal/platform/db/postgres_db.go:18.2,18.33 1 0
avito-tech/internal/platform/db/postgres_db.go:18.33,20.3 1 0
avito-tech/internal/platform/db/postgres_db.go:22.2,26.16 4 0
avito-tech/internal/house/handlers.go:20.71,23.45 2 0
avito-tech/internal/house/handlers.go:23.45,28.3 4 0
avito-tech/internal/house/handlers.go:30.2,31.63 2 0
avito-tech/internal/house/handlers.go:31.63,36.3 4 0
avito-tech/internal/house/handlers.go:38.2,39.16 2 0
avito-tech/internal/house/handlers.go:39.16,44.3 4 0
avito-tech/internal/house/handlers.go:46.2,48.34 3 0
avito-tech/internal/house/handlers.go:51.45,55.2 1 0
avito-tech/internal/house/repository.go:23.99,27.16 2 0
avito-tech/internal/house/repository.go:27.16,29.3 1 0
avito-tech/internal/house/repository.go:31.2,35.16 4 0
avito-tech/internal/house/repository.go:35.16,37.3 1 0
avito-tech/internal/house/repository.go:39.2,42.19 3 0
avito-tech/internal/house/repository.go:45.48,50.2 1 0
avito-tech/internal/house/routes.go:9.82,13.2 2 0
avito-tech/internal/house/service.go:18.111,26.2 2 0
avito-tech/internal/house/service.go:28.47,32.2 1 0
avito-tech/internal/server/routes.go:10.43,33.2 15 0
avito-tech/internal/server/server.go:20.56,25.2 1 0
avito-tech/internal/server/server.go:27.30,37.12 3 0
avito-tech/internal/server/server.go:37.12,38.53 1 0
avito-tech/internal/server/server.go:38.53,40.4 1 0
avito-tech/internal/server/server.go:43.2,50.49 6 0
avito-tech/internal/server/server.go:50.49,53.3 2 0
avito-tech/internal/server/server.go:55.2,55.12 1 0
avito-tech/internal/auth/handlers.go:23.69,25.63 2 0
avito-tech/internal/auth/handlers.go:25.63,30.3 4 0
avito-tech/internal/auth/handlers.go:32.2,33.16 2 0
avito-tech/internal/auth/handlers.go:33.16,38.3 4 0
avito-tech/internal/auth/handlers.go:40.2,41.37 2 0
avito-tech/internal/auth/handlers.go:45.72,47.63 2 0
avito-tech/internal/auth/handlers.go:47.63,52.3 4 0
avito-tech/internal/auth/handlers.go:54.2,61.16 3 0
avito-tech/internal/auth/handlers.go:61.16,66.3 4 0
avito-tech/internal/auth/handlers.go:68.2,69.37 2 0
avito-tech/internal/auth/handlers.go:73.81,75.63 2 0
avito-tech/internal/auth/handlers.go:75.63,77.3 1 0
avito-tech/internal/auth/handlers.go:79.2,80.16 2 0
avito-tech/internal/auth/handlers.go:80.16,82.3 1 0
avito-tech/internal/auth/handlers.go:84.2,88.4 2 0
avito-tech/internal/auth/handlers.go:91.44,95.2 1 0
avito-tech/internal/auth/repository.go:25.94,31.16 2 0
avito-tech/internal/auth/repository.go:31.16,33.3 1 0
avito-tech/internal/auth/repository.go:35.2,39.16 3 0
avito-tech/internal/auth/repository.go:39.16,40.36 1 0
avito-tech/internal/auth/repository.go:40.36,42.4 1 0
avito-tech/internal/auth/repository.go:43.3,43.18 1 0
avito-tech/internal/auth/repository.go:46.2,46.16 1 0
avito-tech/internal/auth/repository.go:51.97,55.16 2 0
avito-tech/internal/auth/repository.go:55.16,57.3 1 0
avito-tech/internal/auth/repository.go:59.2,63.16 4 0
avito-tech/internal/auth/repository.go:63.16,65.3 1 0
avito-tech/internal/auth/repository.go:67.2,70.18 3 0
avito-tech/internal/auth/repository.go:73.47,78.2 1 0
avito-tech/internal/auth/routes.go:7.67,12.2 4 0
avito-tech/internal/auth/service.go:26.101,28.16 2 1
avito-tech/internal/auth/service.go:28.16,30.3 1 1
avito-tech/internal/auth/service.go:32.2,33.16 2 1
avito-tech/internal/auth/service.go:33.16,35.3 1 1
avito-tech/internal/auth/service.go:37.2,38.16 2 1
avito-tech/internal/auth/service.go:38.16,40.3 1 0
avito-tech/internal/auth/service.go:42.2,45.8 1 1
avito-tech/internal/auth/service.go:49.103,51.16 2 1
avito-tech/internal/auth/service.go:51.16,53.3 1 0
avito-tech/internal/auth/service.go:55.2,60.16 2 1
avito-tech/internal/auth/service.go:60.16,62.3 1 1
avito-tech/internal/auth/service.go:64.2,64.18 1 1
avito-tech/internal/auth/service.go:68.101,70.34 2 1
avito-tech/internal/auth/service.go:70.34,72.3 1 1
avito-tech/internal/auth/service.go:74.2,75.16 2 1
avito-tech/internal/auth/service.go:75.16,77.3 1 0
avito-tech/internal/auth/service.go:79.2,79.25 1 1
avito-tech/internal/auth/service.go:82.61,87.2 1 1
avito-tech/internal/auth/service.go:89.88,104.2 4 1
avito-tech/internal/auth/service.go:106.52,108.16 2 1
avito-tech/internal/auth/service.go:108.16,110.3 1 0
avito-tech/internal/auth/service.go:111.2,111.27 1 1
